0 info it worked if it ends with ok
1 verbose cli [ '/usr/bin/node', '/usr/bin/npm', 'run', 'deploy' ]
2 info using npm@3.5.2
3 info using node@v8.10.0
4 verbose run-script [ 'predeploy', 'deploy', 'postdeploy' ]
5 info lifecycle desafio@1.0.0~predeploy: desafio@1.0.0
6 verbose lifecycle desafio@1.0.0~predeploy: unsafe-perm in lifecycle true
7 verbose lifecycle desafio@1.0.0~predeploy: PATH: /usr/share/npm/bin/node-gyp-bin:/home/asoto@lanacion.com.ar/Desktop/avantrip/node_modules/.bin:/usr/local/sbin:/usr/local/bin:/usr/sbin:/usr/bin:/sbin:/bin:/usr/games:/usr/local/games:/snap/bin
8 verbose lifecycle desafio@1.0.0~predeploy: CWD: /home/asoto@lanacion.com.ar/Desktop/avantrip
9 silly lifecycle desafio@1.0.0~predeploy: Args: [ '-c', 'npm run build' ]
10 silly lifecycle desafio@1.0.0~predeploy: Returned: code: 0  signal: null
11 info lifecycle desafio@1.0.0~deploy: desafio@1.0.0
12 verbose lifecycle desafio@1.0.0~deploy: unsafe-perm in lifecycle true
13 verbose lifecycle desafio@1.0.0~deploy: PATH: /usr/share/npm/bin/node-gyp-bin:/home/asoto@lanacion.com.ar/Desktop/avantrip/node_modules/.bin:/usr/local/sbin:/usr/local/bin:/usr/sbin:/usr/bin:/sbin:/bin:/usr/games:/usr/local/games:/snap/bin
14 verbose lifecycle desafio@1.0.0~deploy: CWD: /home/asoto@lanacion.com.ar/Desktop/avantrip
15 silly lifecycle desafio@1.0.0~deploy: Args: [ '-c', 'gh-pages -d build' ]
16 silly lifecycle desafio@1.0.0~deploy: Returned: code: 1  signal: null
17 info lifecycle desafio@1.0.0~deploy: Failed to exec deploy script
18 verbose stack Error: desafio@1.0.0 deploy: `gh-pages -d build`
18 verbose stack Exit status 1
18 verbose stack     at EventEmitter.<anonymous> (/usr/share/npm/lib/utils/lifecycle.js:232:16)
18 verbose stack     at emitTwo (events.js:126:13)
18 verbose stack     at EventEmitter.emit (events.js:214:7)
18 verbose stack     at ChildProcess.<anonymous> (/usr/share/npm/lib/utils/spawn.js:24:14)
18 verbose stack     at emitTwo (events.js:126:13)
18 verbose stack     at ChildProcess.emit (events.js:214:7)
18 verbose stack     at maybeClose (internal/child_process.js:925:16)
18 verbose stack     at Process.ChildProcess._handle.onexit (internal/child_process.js:209:5)
19 verbose pkgid desafio@1.0.0
20 verbose cwd /home/asoto@lanacion.com.ar/Desktop/avantrip
21 error Linux 4.18.0-17-generic
22 error argv "/usr/bin/node" "/usr/bin/npm" "run" "deploy"
23 error node v8.10.0
24 error npm  v3.5.2
25 error code ELIFECYCLE
26 error desafio@1.0.0 deploy: `gh-pages -d build`
26 error Exit status 1
27 error Failed at the desafio@1.0.0 deploy script 'gh-pages -d build'.
27 error Make sure you have the latest version of node.js and npm installed.
27 error If you do, this is most likely a problem with the desafio package,
27 error not with npm itself.
27 error Tell the author that this fails on your system:
27 error     gh-pages -d build
27 error You can get information on how to open an issue for this project with:
27 error     npm bugs desafio
27 error Or if that isn't available, you can get their info via:
27 error     npm owner ls desafio
27 error There is likely additional logging output above.
28 verbose exit [ 1, true ]
